This file contains any messages produced by compilers while
running configure, to aid debugging if configure makes a mistake.

It was created by faac configure 1.29.9.2, which was
generated by GNU Autoconf 2.69.  Invocation command line was

  $ ./configure --prefix=/home/yuanda.yu/git/Ingenic_T20/app/3rdlibs_src_code/faac/faac_install_dir --host=mips-linux-gnu CFLAGS=-DWORDS_BIGENDIAN -muclibc

## --------- ##
## Platform. ##
## --------- ##

hostname = localhost.localdomain
uname -m = x86_64
uname -r = 3.10.0-862.14.4.el7.x86_64
uname -s = Linux
uname -v = #1 SMP Wed Sep 26 15:12:11 UTC 2018

/usr/bin/uname -p = x86_64
/bin/uname -X     = unknown

/bin/arch              = x86_64
/usr/bin/arch -k       = unknown
/usr/convex/getsysinfo = unknown
/usr/bin/hostinfo      = unknown
/bin/machine           = unknown
/usr/bin/oslevel       = unknown
/bin/universe          = unknown

PATH: /usr/local/ffmpeg/bin
PATH: /opt/sublime_text_3
PATH: /opt/hisi-linux/x86-arm/arm-himix100-linux/bin
PATH: /usr/local/bin
PATH: /usr/local/sbin
PATH: /usr/bin
PATH: /usr/sbin
PATH: /bin
PATH: /sbin
PATH: /root/bin
PATH: /home/yuanda.yu/software/mips-gcc472-glibc216-64bit/bin
PATH: /root/bin


## ----------- ##
## Core tests. ##
## ----------- ##

configure:2552: checking for a BSD-compatible install
configure:2620: result: /usr/bin/install -c
configure:2631: checking whether build environment is sane
configure:2686: result: yes
configure:2745: checking for mips-linux-gnu-strip
configure:2761: found /home/yuanda.yu/software/mips-gcc472-glibc216-64bit/bin/mips-linux-gnu-strip
configure:2772: result: mips-linux-gnu-strip
configure:2837: checking for a thread-safe mkdir -p
configure:2876: result: /usr/bin/mkdir -p
configure:2883: checking for gawk
configure:2899: found /usr/bin/gawk
configure:2910: result: gawk
configure:2921: checking whether make sets $(MAKE)
configure:2943: result: yes
configure:2972: checking whether make supports nested variables
configure:2989: result: yes
configure:3099: checking for mips-linux-gnu-gcc
configure:3115: found /home/yuanda.yu/software/mips-gcc472-glibc216-64bit/bin/mips-linux-gnu-gcc
configure:3126: result: mips-linux-gnu-gcc
configure:3395: checking for C compiler version
configure:3404: mips-linux-gnu-gcc --version >&5
mips-linux-gnu-gcc (Ingenic r2.3.3 2016.12) 4.7.2
Copyright (C) 2012 Free Software Foundation, Inc.
This is free software; see the source for copying conditions.  There is NO
warranty; not even for MERCHANTABILITY or FITNESS FOR A PARTICULAR PURPOSE.

configure:3415: $? = 0
configure:3404: mips-linux-gnu-gcc -v >&5
Using built-in specs.
COLLECT_GCC=mips-linux-gnu-gcc
COLLECT_LTO_WRAPPER=/home/yuanda.yu/software/mips-gcc472-glibc216-64bit/bin/../libexec/gcc/mips-linux-gnu/4.7.2/lto-wrapper
Target: mips-linux-gnu
Configured with: /home/toolchains/r2.3.3/src/gcc-4.7-2012.09/configure --build=i686-pc-linux-gnu --host=i686-pc-linux-gnu --target=mips-linux-gnu --enable-threads --disable-libmudflap --disable-libssp --disable-libstdcxx-pch --with-arch-32=mips32r2 --with-float=hard --with-mips-plt --enable-extra-sgxxlite-multilibs --with-gnu-as --with-gnu-ld --with-specs='%{save-temps: -fverbose-asm} -D__CS_SOURCERYGXX_MAJ__=2012 -D__CS_SOURCERYGXX_MIN__=9 -D__CS_SOURCERYGXX_REV__=99' --enable-languages=c,c++,fortran --enable-shared --enable-lto --enable-symvers=gnu --enable-__cxa_atexit --with-pkgversion='Ingenic r2.3.3 2016.12' --disable-nls --prefix=/home/toolchains/r2.3.3/install --with-sysroot=/home/toolchains/r2.3.3/install/mips-linux-gnu/libc --with-build-sysroot=/home/toolchains/r2.3.3/install/mips-linux-gnu/libc --with-gmp=/home/toolchains/r2.3.3/obj/pkg-2012.09-99-mips-linux-gnu/mips-2012.09-99-mips-linux-gnu.extras/host-libs-i686-pc-linux-gnu/usr --with-mpfr=/home/toolchains/r2.3.3/obj/pkg-2012.09-99-mips-linux-gnu/mips-2012.09-99-mips-linux-gnu.extras/host-libs-i686-pc-linux-gnu/usr --with-mpc=/home/toolchains/r2.3.3/obj/pkg-2012.09-99-mips-linux-gnu/mips-2012.09-99-mips-linux-gnu.extras/host-libs-i686-pc-linux-gnu/usr --with-ppl=/home/toolchains/r2.3.3/obj/pkg-2012.09-99-mips-linux-gnu/mips-2012.09-99-mips-linux-gnu.extras/host-libs-i686-pc-linux-gnu/usr --with-host-libstdcxx='-static-libgcc -Wl,-Bstatic,-lstdc++,-Bdynamic -lm' --with-cloog=/home/toolchains/r2.3.3/obj/pkg-2012.09-99-mips-linux-gnu/mips-2012.09-99-mips-linux-gnu.extras/host-libs-i686-pc-linux-gnu/usr --with-libelf=/home/toolchains/r2.3.3/obj/pkg-2012.09-99-mips-linux-gnu/mips-2012.09-99-mips-linux-gnu.extras/host-libs-i686-pc-linux-gnu/usr --disable-libgomp --disable-libitm --enable-poison-system-directories --with-build-time-tools=/home/toolchains/r2.3.3/install/mips-linux-gnu/bin
Thread model: posix
gcc version 4.7.2 (Ingenic r2.3.3 2016.12) 
configure:3415: $? = 0
configure:3404: mips-linux-gnu-gcc -V >&5
mips-linux-gnu-gcc: error: unrecognized command line option '-V'
mips-linux-gnu-gcc: fatal error: no input files
compilation terminated.
configure:3415: $? = 1
configure:3404: mips-linux-gnu-gcc -qversion >&5
mips-linux-gnu-gcc: error: unrecognized command line option '-qversion'
mips-linux-gnu-gcc: fatal error: no input files
compilation terminated.
configure:3415: $? = 1
configure:3435: checking whether the C compiler works
configure:3457: mips-linux-gnu-gcc -DWORDS_BIGENDIAN -muclibc   conftest.c  >&5
configure:3461: $? = 0
configure:3509: result: yes
configure:3512: checking for C compiler default output file name
configure:3514: result: a.out
configure:3520: checking for suffix of executables
configure:3527: mips-linux-gnu-gcc -o conftest -DWORDS_BIGENDIAN -muclibc   conftest.c  >&5
configure:3531: $? = 0
configure:3553: result: 
configure:3575: checking whether we are cross compiling
configure:3583: mips-linux-gnu-gcc -o conftest -DWORDS_BIGENDIAN -muclibc   conftest.c  >&5
configure:3587: $? = 0
configure:3594: ./conftest
./configure: line 3596: ./conftest: cannot execute binary file
configure:3598: $? = 126
configure:3613: result: yes
configure:3618: checking for suffix of object files
configure:3640: mips-linux-gnu-gcc -c -DWORDS_BIGENDIAN -muclibc  conftest.c >&5
configure:3644: $? = 0
configure:3665: result: o
configure:3669: checking whether we are using the GNU C compiler
configure:3688: mips-linux-gnu-gcc -c -DWORDS_BIGENDIAN -muclibc  conftest.c >&5
configure:3688: $? = 0
configure:3697: result: yes
configure:3706: checking whether mips-linux-gnu-gcc accepts -g
configure:3726: mips-linux-gnu-gcc -c -g  conftest.c >&5
configure:3726: $? = 0
configure:3767: result: yes
configure:3784: checking for mips-linux-gnu-gcc option to accept ISO C89
configure:3847: mips-linux-gnu-gcc  -c -DWORDS_BIGENDIAN -muclibc  conftest.c >&5
configure:3847: $? = 0
configure:3860: result: none needed
configure:3891: checking for style of include used by make
configure:3919: result: GNU
configure:3945: checking dependency style of mips-linux-gnu-gcc
configure:4056: result: gcc3
configure:4085: checking for mips-linux-gnu-g++
configure:4101: found /home/yuanda.yu/software/mips-gcc472-glibc216-64bit/bin/mips-linux-gnu-g++
configure:4112: result: mips-linux-gnu-g++
configure:4183: checking for C++ compiler version
configure:4192: mips-linux-gnu-g++ --version >&5
mips-linux-gnu-g++ (Ingenic r2.3.3 2016.12) 4.7.2
Copyright (C) 2012 Free Software Foundation, Inc.
This is free software; see the source for copying conditions.  There is NO
warranty; not even for MERCHANTABILITY or FITNESS FOR A PARTICULAR PURPOSE.

configure:4203: $? = 0
configure:4192: mips-linux-gnu-g++ -v >&5
Using built-in specs.
COLLECT_GCC=mips-linux-gnu-g++
COLLECT_LTO_WRAPPER=/home/yuanda.yu/software/mips-gcc472-glibc216-64bit/bin/../libexec/gcc/mips-linux-gnu/4.7.2/lto-wrapper
Target: mips-linux-gnu
Configured with: /home/toolchains/r2.3.3/src/gcc-4.7-2012.09/configure --build=i686-pc-linux-gnu --host=i686-pc-linux-gnu --target=mips-linux-gnu --enable-threads --disable-libmudflap --disable-libssp --disable-libstdcxx-pch --with-arch-32=mips32r2 --with-float=hard --with-mips-plt --enable-extra-sgxxlite-multilibs --with-gnu-as --with-gnu-ld --with-specs='%{save-temps: -fverbose-asm} -D__CS_SOURCERYGXX_MAJ__=2012 -D__CS_SOURCERYGXX_MIN__=9 -D__CS_SOURCERYGXX_REV__=99' --enable-languages=c,c++,fortran --enable-shared --enable-lto --enable-symvers=gnu --enable-__cxa_atexit --with-pkgversion='Ingenic r2.3.3 2016.12' --disable-nls --prefix=/home/toolchains/r2.3.3/install --with-sysroot=/home/toolchains/r2.3.3/install/mips-linux-gnu/libc --with-build-sysroot=/home/toolchains/r2.3.3/install/mips-linux-gnu/libc --with-gmp=/home/toolchains/r2.3.3/obj/pkg-2012.09-99-mips-linux-gnu/mips-2012.09-99-mips-linux-gnu.extras/host-libs-i686-pc-linux-gnu/usr --with-mpfr=/home/toolchains/r2.3.3/obj/pkg-2012.09-99-mips-linux-gnu/mips-2012.09-99-mips-linux-gnu.extras/host-libs-i686-pc-linux-gnu/usr --with-mpc=/home/toolchains/r2.3.3/obj/pkg-2012.09-99-mips-linux-gnu/mips-2012.09-99-mips-linux-gnu.extras/host-libs-i686-pc-linux-gnu/usr --with-ppl=/home/toolchains/r2.3.3/obj/pkg-2012.09-99-mips-linux-gnu/mips-2012.09-99-mips-linux-gnu.extras/host-libs-i686-pc-linux-gnu/usr --with-host-libstdcxx='-static-libgcc -Wl,-Bstatic,-lstdc++,-Bdynamic -lm' --with-cloog=/home/toolchains/r2.3.3/obj/pkg-2012.09-99-mips-linux-gnu/mips-2012.09-99-mips-linux-gnu.extras/host-libs-i686-pc-linux-gnu/usr --with-libelf=/home/toolchains/r2.3.3/obj/pkg-2012.09-99-mips-linux-gnu/mips-2012.09-99-mips-linux-gnu.extras/host-libs-i686-pc-linux-gnu/usr --disable-libgomp --disable-libitm --enable-poison-system-directories --with-build-time-tools=/home/toolchains/r2.3.3/install/mips-linux-gnu/bin
Thread model: posix
gcc version 4.7.2 (Ingenic r2.3.3 2016.12) 
configure:4203: $? = 0
configure:4192: mips-linux-gnu-g++ -V >&5
mips-linux-gnu-g++: error: unrecognized command line option '-V'
mips-linux-gnu-g++: fatal error: no input files
compilation terminated.
configure:4203: $? = 1
configure:4192: mips-linux-gnu-g++ -qversion >&5
mips-linux-gnu-g++: error: unrecognized command line option '-qversion'
mips-linux-gnu-g++: fatal error: no input files
compilation terminated.
configure:4203: $? = 1
configure:4207: checking whether we are using the GNU C++ compiler
configure:4226: mips-linux-gnu-g++ -c   conftest.cpp >&5
configure:4226: $? = 0
configure:4235: result: yes
configure:4244: checking whether mips-linux-gnu-g++ accepts -g
configure:4264: mips-linux-gnu-g++ -c -g  conftest.cpp >&5
configure:4264: $? = 0
configure:4305: result: yes
configure:4330: checking dependency style of mips-linux-gnu-g++
configure:4441: result: gcc3
configure:4485: checking build system type
configure:4499: result: x86_64-unknown-linux-gnu
configure:4519: checking host system type
configure:4532: result: mips-unknown-linux-gnu
configure:4573: checking how to print strings
configure:4600: result: printf
configure:4621: checking for a sed that does not truncate output
configure:4685: result: /usr/bin/sed
configure:4703: checking for grep that handles long lines and -e
configure:4761: result: /usr/bin/grep
configure:4766: checking for egrep
configure:4828: result: /usr/bin/grep -E
configure:4833: checking for fgrep
configure:4895: result: /usr/bin/grep -F
configure:4930: checking for ld used by mips-linux-gnu-gcc
configure:4997: result: /home/yuanda.yu/software/mips-gcc472-glibc216-64bit/mips-linux-gnu/bin/ld
configure:5004: checking if the linker (/home/yuanda.yu/software/mips-gcc472-glibc216-64bit/mips-linux-gnu/bin/ld) is GNU ld
configure:5019: result: yes
configure:5031: checking for BSD- or MS-compatible name lister (nm)
configure:5080: result: /home/yuanda.yu/software/mips-gcc472-glibc216-64bit/bin/mips-linux-gnu-nm -B
configure:5210: checking the name lister (/home/yuanda.yu/software/mips-gcc472-glibc216-64bit/bin/mips-linux-gnu-nm -B) interface
configure:5217: mips-linux-gnu-gcc -c -DWORDS_BIGENDIAN -muclibc  conftest.c >&5
configure:5220: /home/yuanda.yu/software/mips-gcc472-glibc216-64bit/bin/mips-linux-gnu-nm -B "conftest.o"
configure:5223: output
00000000 B some_variable
configure:5230: result: BSD nm
configure:5233: checking whether ln -s works
configure:5237: result: yes
configure:5245: checking the maximum length of command line arguments
configure:5375: result: 1572864
configure:5392: checking whether the shell understands some XSI constructs
configure:5402: result: yes
configure:5406: checking whether the shell understands "+="
configure:5412: result: yes
configure:5447: checking how to convert x86_64-unknown-linux-gnu file names to mips-unknown-linux-gnu format
configure:5487: result: func_convert_file_noop
configure:5494: checking how to convert x86_64-unknown-linux-gnu file names to toolchain format
configure:5514: result: func_convert_file_noop
configure:5521: checking for /home/yuanda.yu/software/mips-gcc472-glibc216-64bit/mips-linux-gnu/bin/ld option to reload object files
configure:5528: result: -r
configure:5562: checking for mips-linux-gnu-objdump
configure:5578: found /home/yuanda.yu/software/mips-gcc472-glibc216-64bit/bin/mips-linux-gnu-objdump
configure:5589: result: mips-linux-gnu-objdump
configure:5661: checking how to recognize dependent libraries
configure:5863: result: pass_all
configure:5908: checking for mips-linux-gnu-dlltool
configure:5938: result: no
configure:5948: checking for dlltool
configure:5978: result: no
configure:6008: checking how to associate runtime and link libraries
configure:6035: result: printf %s\n
configure:6052: checking for mips-linux-gnu-ar
configure:6068: found /home/yuanda.yu/software/mips-gcc472-glibc216-64bit/bin/mips-linux-gnu-ar
configure:6079: result: mips-linux-gnu-ar
configure:6160: checking for archiver @FILE support
configure:6177: mips-linux-gnu-gcc -c -DWORDS_BIGENDIAN -muclibc  conftest.c >&5
configure:6177: $? = 0
configure:6180: mips-linux-gnu-ar cru libconftest.a @conftest.lst >&5
configure:6183: $? = 0
configure:6188: mips-linux-gnu-ar cru libconftest.a @conftest.lst >&5
mips-linux-gnu-ar: conftest.o: No such file or directory
configure:6191: $? = 1
configure:6203: result: @
configure:6221: checking for mips-linux-gnu-strip
configure:6248: result: mips-linux-gnu-strip
configure:6320: checking for mips-linux-gnu-ranlib
configure:6336: found /home/yuanda.yu/software/mips-gcc472-glibc216-64bit/bin/mips-linux-gnu-ranlib
configure:6347: result: mips-linux-gnu-ranlib
configure:6489: checking command to parse /home/yuanda.yu/software/mips-gcc472-glibc216-64bit/bin/mips-linux-gnu-nm -B output from mips-linux-gnu-gcc object
configure:6609: mips-linux-gnu-gcc -c -DWORDS_BIGENDIAN -muclibc  conftest.c >&5
configure:6612: $? = 0
configure:6616: /home/yuanda.yu/software/mips-gcc472-glibc216-64bit/bin/mips-linux-gnu-nm -B conftest.o \| sed -n -e 's/^.*[ ]\([ABCDGIRSTW][ABCDGIRSTW]*\)[ ][ ]*\([_A-Za-z][_A-Za-z0-9]*\)$/\1 \2 \2/p' | sed '/ __gnu_lto/d' \> conftest.nm
configure:6619: $? = 0
configure:6685: mips-linux-gnu-gcc -o conftest -DWORDS_BIGENDIAN -muclibc   conftest.c conftstm.o >&5
configure:6688: $? = 0
configure:6726: result: ok
configure:6763: checking for sysroot
configure:6793: result: no
configure:7009: checking for mips-linux-gnu-mt
configure:7039: result: no
configure:7049: checking for mt
configure:7079: result: no
configure:7099: checking if : is a manifest tool
configure:7105: : '-?'
configure:7113: result: no
configure:7755: checking how to run the C preprocessor
configure:7786: mips-linux-gnu-gcc -E  conftest.c
configure:7786: $? = 0
configure:7800: mips-linux-gnu-gcc -E  conftest.c
conftest.c:11:28: fatal error: ac_nonexistent.h: No such file or directory
compilation terminated.
configure:7800: $? = 1
configure: failed program was:
| /* confdefs.h */
| #define PACKAGE_NAME "faac"
| #define PACKAGE_TARNAME "faac"
| #define PACKAGE_VERSION "1.29.9.2"
| #define PACKAGE_STRING "faac 1.29.9.2"
| #define PACKAGE_BUGREPORT "https://sourceforge.net/p/faac/bugs/"
| #define PACKAGE_URL ""
| #define PACKAGE "faac"
| #define VERSION "1.29.9.2"
| /* end confdefs.h.  */
| #include <ac_nonexistent.h>
configure:7825: result: mips-linux-gnu-gcc -E
configure:7845: mips-linux-gnu-gcc -E  conftest.c
configure:7845: $? = 0
configure:7859: mips-linux-gnu-gcc -E  conftest.c
conftest.c:11:28: fatal error: ac_nonexistent.h: No such file or directory
compilation terminated.
configure:7859: $? = 1
configure: failed program was:
| /* confdefs.h */
| #define PACKAGE_NAME "faac"
| #define PACKAGE_TARNAME "faac"
| #define PACKAGE_VERSION "1.29.9.2"
| #define PACKAGE_STRING "faac 1.29.9.2"
| #define PACKAGE_BUGREPORT "https://sourceforge.net/p/faac/bugs/"
| #define PACKAGE_URL ""
| #define PACKAGE "faac"
| #define VERSION "1.29.9.2"
| /* end confdefs.h.  */
| #include <ac_nonexistent.h>
configure:7888: checking for ANSI C header files
configure:7908: mips-linux-gnu-gcc -c -DWORDS_BIGENDIAN -muclibc  conftest.c >&5
configure:7908: $? = 0
configure:7992: result: yes
configure:8005: checking for sys/types.h
configure:8005: mips-linux-gnu-gcc -c -DWORDS_BIGENDIAN -muclibc  conftest.c >&5
configure:8005: $? = 0
configure:8005: result: yes
configure:8005: checking for sys/stat.h
configure:8005: mips-linux-gnu-gcc -c -DWORDS_BIGENDIAN -muclibc  conftest.c >&5
configure:8005: $? = 0
configure:8005: result: yes
configure:8005: checking for stdlib.h
configure:8005: mips-linux-gnu-gcc -c -DWORDS_BIGENDIAN -muclibc  conftest.c >&5
configure:8005: $? = 0
configure:8005: result: yes
configure:8005: checking for string.h
configure:8005: mips-linux-gnu-gcc -c -DWORDS_BIGENDIAN -muclibc  conftest.c >&5
configure:8005: $? = 0
configure:8005: result: yes
configure:8005: checking for memory.h
configure:8005: mips-linux-gnu-gcc -c -DWORDS_BIGENDIAN -muclibc  conftest.c >&5
configure:8005: $? = 0
configure:8005: result: yes
configure:8005: checking for strings.h
configure:8005: mips-linux-gnu-gcc -c -DWORDS_BIGENDIAN -muclibc  conftest.c >&5
configure:8005: $? = 0
configure:8005: result: yes
configure:8005: checking for inttypes.h
configure:8005: mips-linux-gnu-gcc -c -DWORDS_BIGENDIAN -muclibc  conftest.c >&5
configure:8005: $? = 0
configure:8005: result: yes
configure:8005: checking for stdint.h
configure:8005: mips-linux-gnu-gcc -c -DWORDS_BIGENDIAN -muclibc  conftest.c >&5
configure:8005: $? = 0
configure:8005: result: yes
configure:8005: checking for unistd.h
configure:8005: mips-linux-gnu-gcc -c -DWORDS_BIGENDIAN -muclibc  conftest.c >&5
configure:8005: $? = 0
configure:8005: result: yes
configure:8019: checking for dlfcn.h
configure:8019: mips-linux-gnu-gcc -c -DWORDS_BIGENDIAN -muclibc  conftest.c >&5
configure:8019: $? = 0
configure:8019: result: yes
configure:8236: checking for objdir
configure:8251: result: .libs
configure:8518: checking if mips-linux-gnu-gcc supports -fno-rtti -fno-exceptions
configure:8536: mips-linux-gnu-gcc -c -DWORDS_BIGENDIAN -muclibc  -fno-rtti -fno-exceptions conftest.c >&5
cc1: warning: command line option '-fno-rtti' is valid for C++/ObjC++ but not for C [enabled by default]
configure:8540: $? = 0
configure:8553: result: no
configure:8880: checking for mips-linux-gnu-gcc option to produce PIC
configure:8887: result: -fPIC -DPIC
configure:8895: checking if mips-linux-gnu-gcc PIC flag -fPIC -DPIC works
configure:8913: mips-linux-gnu-gcc -c -DWORDS_BIGENDIAN -muclibc  -fPIC -DPIC -DPIC conftest.c >&5
configure:8917: $? = 0
configure:8930: result: yes
configure:8959: checking if mips-linux-gnu-gcc static flag -static works
configure:8987: result: yes
configure:9002: checking if mips-linux-gnu-gcc supports -c -o file.o
configure:9023: mips-linux-gnu-gcc -c -DWORDS_BIGENDIAN -muclibc  -o out/conftest2.o conftest.c >&5
configure:9027: $? = 0
configure:9049: result: yes
configure:9057: checking if mips-linux-gnu-gcc supports -c -o file.o
configure:9104: result: yes
configure:9137: checking whether the mips-linux-gnu-gcc linker (/home/yuanda.yu/software/mips-gcc472-glibc216-64bit/mips-linux-gnu/bin/ld) supports shared libraries
configure:10290: result: yes
configure:10327: checking whether -lc should be explicitly linked in
configure:10335: mips-linux-gnu-gcc -c -DWORDS_BIGENDIAN -muclibc  conftest.c >&5
configure:10338: $? = 0
configure:10353: mips-linux-gnu-gcc -shared  -fPIC -DPIC conftest.o  -v -Wl,-soname -Wl,conftest -o conftest 2\>\&1 \| /usr/bin/grep  -lc  \>/dev/null 2\>\&1
configure:10356: $? = 0
configure:10370: result: no
configure:10530: checking dynamic linker characteristics
configure:11041: mips-linux-gnu-gcc -o conftest -DWORDS_BIGENDIAN -muclibc   -Wl,-rpath -Wl,/foo conftest.c  >&5
configure:11041: $? = 0
configure:11267: result: GNU/Linux ld.so
configure:11374: checking how to hardcode library paths into programs
configure:11399: result: immediate
configure:11939: checking whether stripping libraries is possible
configure:11944: result: yes
configure:11979: checking if libtool supports shared libraries
configure:11981: result: yes
configure:11984: checking whether to build shared libraries
configure:12005: result: yes
configure:12008: checking whether to build static libraries
configure:12012: result: yes
configure:12035: checking how to run the C++ preprocessor
configure:12062: mips-linux-gnu-g++ -E  conftest.cpp
configure:12062: $? = 0
configure:12076: mips-linux-gnu-g++ -E  conftest.cpp
conftest.cpp:23:28: fatal error: ac_nonexistent.h: No such file or directory
compilation terminated.
configure:12076: $? = 1
configure: failed program was:
| /* confdefs.h */
| #define PACKAGE_NAME "faac"
| #define PACKAGE_TARNAME "faac"
| #define PACKAGE_VERSION "1.29.9.2"
| #define PACKAGE_STRING "faac 1.29.9.2"
| #define PACKAGE_BUGREPORT "https://sourceforge.net/p/faac/bugs/"
| #define PACKAGE_URL ""
| #define PACKAGE "faac"
| #define VERSION "1.29.9.2"
| #define STDC_HEADERS 1
| #define HAVE_SYS_TYPES_H 1
| #define HAVE_SYS_STAT_H 1
| #define HAVE_STDLIB_H 1
| #define HAVE_STRING_H 1
| #define HAVE_MEMORY_H 1
| #define HAVE_STRINGS_H 1
| #define HAVE_INTTYPES_H 1
| #define HAVE_STDINT_H 1
| #define HAVE_UNISTD_H 1
| #define HAVE_DLFCN_H 1
| #define LT_OBJDIR ".libs/"
| /* end confdefs.h.  */
| #include <ac_nonexistent.h>
configure:12101: result: mips-linux-gnu-g++ -E
configure:12121: mips-linux-gnu-g++ -E  conftest.cpp
configure:12121: $? = 0
configure:12135: mips-linux-gnu-g++ -E  conftest.cpp
conftest.cpp:23:28: fatal error: ac_nonexistent.h: No such file or directory
compilation terminated.
configure:12135: $? = 1
configure: failed program was:
| /* confdefs.h */
| #define PACKAGE_NAME "faac"
| #define PACKAGE_TARNAME "faac"
| #define PACKAGE_VERSION "1.29.9.2"
| #define PACKAGE_STRING "faac 1.29.9.2"
| #define PACKAGE_BUGREPORT "https://sourceforge.net/p/faac/bugs/"
| #define PACKAGE_URL ""
| #define PACKAGE "faac"
| #define VERSION "1.29.9.2"
| #define STDC_HEADERS 1
| #define HAVE_SYS_TYPES_H 1
| #define HAVE_SYS_STAT_H 1
| #define HAVE_STDLIB_H 1
| #define HAVE_STRING_H 1
| #define HAVE_MEMORY_H 1
| #define HAVE_STRINGS_H 1
| #define HAVE_INTTYPES_H 1
| #define HAVE_STDINT_H 1
| #define HAVE_UNISTD_H 1
| #define HAVE_DLFCN_H 1
| #define LT_OBJDIR ".libs/"
| /* end confdefs.h.  */
| #include <ac_nonexistent.h>
configure:12304: checking for ld used by mips-linux-gnu-g++
configure:12371: result: /home/yuanda.yu/software/mips-gcc472-glibc216-64bit/mips-linux-gnu/bin/ld
configure:12378: checking if the linker (/home/yuanda.yu/software/mips-gcc472-glibc216-64bit/mips-linux-gnu/bin/ld) is GNU ld
configure:12393: result: yes
configure:12448: checking whether the mips-linux-gnu-g++ linker (/home/yuanda.yu/software/mips-gcc472-glibc216-64bit/mips-linux-gnu/bin/ld) supports shared libraries
configure:13453: result: yes
configure:13489: mips-linux-gnu-g++ -c -g -O2  conftest.cpp >&5
configure:13492: $? = 0
configure:14012: checking for mips-linux-gnu-g++ option to produce PIC
configure:14019: result: -fPIC -DPIC
configure:14027: checking if mips-linux-gnu-g++ PIC flag -fPIC -DPIC works
configure:14045: mips-linux-gnu-g++ -c -g -O2  -fPIC -DPIC -DPIC conftest.cpp >&5
configure:14049: $? = 0
configure:14062: result: yes
configure:14085: checking if mips-linux-gnu-g++ static flag -static works
configure:14113: result: yes
configure:14125: checking if mips-linux-gnu-g++ supports -c -o file.o
configure:14146: mips-linux-gnu-g++ -c -g -O2  -o out/conftest2.o conftest.cpp >&5
configure:14150: $? = 0
configure:14172: result: yes
configure:14177: checking if mips-linux-gnu-g++ supports -c -o file.o
configure:14224: result: yes
configure:14254: checking whether the mips-linux-gnu-g++ linker (/home/yuanda.yu/software/mips-gcc472-glibc216-64bit/mips-linux-gnu/bin/ld) supports shared libraries
configure:14290: result: yes
configure:14431: checking dynamic linker characteristics
configure:15102: result: GNU/Linux ld.so
configure:15155: checking how to hardcode library paths into programs
configure:15180: result: immediate
configure:15245: checking getopt.h usability
configure:15245: mips-linux-gnu-gcc -c -DWORDS_BIGENDIAN -muclibc  conftest.c >&5
configure:15245: $? = 0
configure:15245: result: yes
configure:15245: checking getopt.h presence
configure:15245: mips-linux-gnu-gcc -E  conftest.c
configure:15245: $? = 0
configure:15245: result: yes
configure:15245: checking for getopt.h
configure:15245: result: yes
configure:15245: checking immintrin.h usability
configure:15245: mips-linux-gnu-gcc -c -DWORDS_BIGENDIAN -muclibc  conftest.c >&5
conftest.c:57:23: fatal error: immintrin.h: No such file or directory
compilation terminated.
configure:15245: $? = 1
configure: failed program was:
| /* confdefs.h */
| #define PACKAGE_NAME "faac"
| #define PACKAGE_TARNAME "faac"
| #define PACKAGE_VERSION "1.29.9.2"
| #define PACKAGE_STRING "faac 1.29.9.2"
| #define PACKAGE_BUGREPORT "https://sourceforge.net/p/faac/bugs/"
| #define PACKAGE_URL ""
| #define PACKAGE "faac"
| #define VERSION "1.29.9.2"
| #define STDC_HEADERS 1
| #define HAVE_SYS_TYPES_H 1
| #define HAVE_SYS_STAT_H 1
| #define HAVE_STDLIB_H 1
| #define HAVE_STRING_H 1
| #define HAVE_MEMORY_H 1
| #define HAVE_STRINGS_H 1
| #define HAVE_INTTYPES_H 1
| #define HAVE_STDINT_H 1
| #define HAVE_UNISTD_H 1
| #define HAVE_DLFCN_H 1
| #define LT_OBJDIR ".libs/"
| #define HAVE_GETOPT_H 1
| /* end confdefs.h.  */
| #include <stdio.h>
| #ifdef HAVE_SYS_TYPES_H
| # include <sys/types.h>
| #endif
| #ifdef HAVE_SYS_STAT_H
| # include <sys/stat.h>
| #endif
| #ifdef STDC_HEADERS
| # include <stdlib.h>
| # include <stddef.h>
| #else
| # ifdef HAVE_STDLIB_H
| #  include <stdlib.h>
| # endif
| #endif
| #ifdef HAVE_STRING_H
| # if !defined STDC_HEADERS && defined HAVE_MEMORY_H
| #  include <memory.h>
| # endif
| # include <string.h>
| #endif
| #ifdef HAVE_STRINGS_H
| # include <strings.h>
| #endif
| #ifdef HAVE_INTTYPES_H
| # include <inttypes.h>
| #endif
| #ifdef HAVE_STDINT_H
| # include <stdint.h>
| #endif
| #ifdef HAVE_UNISTD_H
| # include <unistd.h>
| #endif
| #include <immintrin.h>
configure:15245: result: no
configure:15245: checking immintrin.h presence
configure:15245: mips-linux-gnu-gcc -E  conftest.c
conftest.c:24:23: fatal error: immintrin.h: No such file or directory
compilation terminated.
configure:15245: $? = 1
configure: failed program was:
| /* confdefs.h */
| #define PACKAGE_NAME "faac"
| #define PACKAGE_TARNAME "faac"
| #define PACKAGE_VERSION "1.29.9.2"
| #define PACKAGE_STRING "faac 1.29.9.2"
| #define PACKAGE_BUGREPORT "https://sourceforge.net/p/faac/bugs/"
| #define PACKAGE_URL ""
| #define PACKAGE "faac"
| #define VERSION "1.29.9.2"
| #define STDC_HEADERS 1
| #define HAVE_SYS_TYPES_H 1
| #define HAVE_SYS_STAT_H 1
| #define HAVE_STDLIB_H 1
| #define HAVE_STRING_H 1
| #define HAVE_MEMORY_H 1
| #define HAVE_STRINGS_H 1
| #define HAVE_INTTYPES_H 1
| #define HAVE_STDINT_H 1
| #define HAVE_UNISTD_H 1
| #define HAVE_DLFCN_H 1
| #define LT_OBJDIR ".libs/"
| #define HAVE_GETOPT_H 1
| /* end confdefs.h.  */
| #include <immintrin.h>
configure:15245: result: no
configure:15245: checking for immintrin.h
configure:15245: result: no
configure:15256: checking whether strcasecmp is declared
configure:15256: mips-linux-gnu-gcc -c -DWORDS_BIGENDIAN -muclibc  conftest.c >&5
configure:15256: $? = 0
configure:15256: result: yes
configure:15264: checking for getopt_long in -lgnugetopt
configure:15289: mips-linux-gnu-gcc -o conftest -DWORDS_BIGENDIAN -muclibc   conftest.c -lgnugetopt   >&5
/home/yuanda.yu/software/mips-gcc472-glibc216-64bit/bin/../lib/gcc/mips-linux-gnu/4.7.2/../../../../mips-linux-gnu/bin/ld: cannot find -lgnugetopt
collect2: error: ld returned 1 exit status
configure:15289: $? = 1
configure: failed program was:
| /* confdefs.h */
| #define PACKAGE_NAME "faac"
| #define PACKAGE_TARNAME "faac"
| #define PACKAGE_VERSION "1.29.9.2"
| #define PACKAGE_STRING "faac 1.29.9.2"
| #define PACKAGE_BUGREPORT "https://sourceforge.net/p/faac/bugs/"
| #define PACKAGE_URL ""
| #define PACKAGE "faac"
| #define VERSION "1.29.9.2"
| #define STDC_HEADERS 1
| #define HAVE_SYS_TYPES_H 1
| #define HAVE_SYS_STAT_H 1
| #define HAVE_STDLIB_H 1
| #define HAVE_STRING_H 1
| #define HAVE_MEMORY_H 1
| #define HAVE_STRINGS_H 1
| #define HAVE_INTTYPES_H 1
| #define HAVE_STDINT_H 1
| #define HAVE_UNISTD_H 1
| #define HAVE_DLFCN_H 1
| #define LT_OBJDIR ".libs/"
| #define HAVE_GETOPT_H 1
| #define HAVE_STRCASECMP 1
| /* end confdefs.h.  */
| 
| /* Override any GCC internal prototype to avoid an error.
|    Use char because int might match the return type of a GCC
|    builtin and then its argument prototype would still apply.  */
| #ifdef __cplusplus
| extern "C"
| #endif
| char getopt_long ();
| int
| main ()
| {
| return getopt_long ();
|   ;
|   return 0;
| }
configure:15298: result: no
configure:15354: checking for mips-linux-gnu-windres
configure:15384: result: no
configure:15394: checking for windres
configure:15424: result: no
configure:15444: checking whether byte ordering is bigendian
configure:15459: mips-linux-gnu-gcc -c -DWORDS_BIGENDIAN -muclibc  conftest.c >&5
conftest.c:26:9: error: unknown type name 'not'
conftest.c:26:15: error: expected '=', ',', ';', 'asm' or '__attribute__' before 'universal'
conftest.c:26:15: error: unknown type name 'universal'
configure:15459: $? = 1
configure: failed program was:
| /* confdefs.h */
| #define PACKAGE_NAME "faac"
| #define PACKAGE_TARNAME "faac"
| #define PACKAGE_VERSION "1.29.9.2"
| #define PACKAGE_STRING "faac 1.29.9.2"
| #define PACKAGE_BUGREPORT "https://sourceforge.net/p/faac/bugs/"
| #define PACKAGE_URL ""
| #define PACKAGE "faac"
| #define VERSION "1.29.9.2"
| #define STDC_HEADERS 1
| #define HAVE_SYS_TYPES_H 1
| #define HAVE_SYS_STAT_H 1
| #define HAVE_STDLIB_H 1
| #define HAVE_STRING_H 1
| #define HAVE_MEMORY_H 1
| #define HAVE_STRINGS_H 1
| #define HAVE_INTTYPES_H 1
| #define HAVE_STDINT_H 1
| #define HAVE_UNISTD_H 1
| #define HAVE_DLFCN_H 1
| #define LT_OBJDIR ".libs/"
| #define HAVE_GETOPT_H 1
| #define HAVE_STRCASECMP 1
| /* end confdefs.h.  */
| #ifndef __APPLE_CC__
| 	       not a universal capable compiler
| 	     #endif
| 	     typedef int dummy;
| 
configure:15504: mips-linux-gnu-gcc -c -DWORDS_BIGENDIAN -muclibc  conftest.c >&5
configure:15504: $? = 0
configure:15522: mips-linux-gnu-gcc -c -DWORDS_BIGENDIAN -muclibc  conftest.c >&5
conftest.c: In function 'main':
conftest.c:32:4: error: unknown type name 'not'
conftest.c:32:12: error: expected '=', ',', ';', 'asm' or '__attribute__' before 'endian'
configure:15522: $? = 1
configure: failed program was:
| /* confdefs.h */
| #define PACKAGE_NAME "faac"
| #define PACKAGE_TARNAME "faac"
| #define PACKAGE_VERSION "1.29.9.2"
| #define PACKAGE_STRING "faac 1.29.9.2"
| #define PACKAGE_BUGREPORT "https://sourceforge.net/p/faac/bugs/"
| #define PACKAGE_URL ""
| #define PACKAGE "faac"
| #define VERSION "1.29.9.2"
| #define STDC_HEADERS 1
| #define HAVE_SYS_TYPES_H 1
| #define HAVE_SYS_STAT_H 1
| #define HAVE_STDLIB_H 1
| #define HAVE_STRING_H 1
| #define HAVE_MEMORY_H 1
| #define HAVE_STRINGS_H 1
| #define HAVE_INTTYPES_H 1
| #define HAVE_STDINT_H 1
| #define HAVE_UNISTD_H 1
| #define HAVE_DLFCN_H 1
| #define LT_OBJDIR ".libs/"
| #define HAVE_GETOPT_H 1
| #define HAVE_STRCASECMP 1
| /* end confdefs.h.  */
| #include <sys/types.h>
| 		#include <sys/param.h>
| 
| int
| main ()
| {
| #if BYTE_ORDER != BIG_ENDIAN
| 		 not big endian
| 		#endif
| 
|   ;
|   return 0;
| }
configure:15650: result: no
configure:15669: checking for ANSI C header files
configure:15773: result: yes
configure:15788: checking for special C compiler options needed for large files
configure:15833: result: no
configure:15839: checking for _FILE_OFFSET_BITS value needed for large files
configure:15864: mips-linux-gnu-gcc -c -DWORDS_BIGENDIAN -muclibc  conftest.c >&5
conftest.c:32:3: warning: left shift count >= width of type [enabled by default]
conftest.c:32:3: warning: left shift count >= width of type [enabled by default]
conftest.c:33:10: warning: left shift count >= width of type [enabled by default]
conftest.c:33:10: warning: left shift count >= width of type [enabled by default]
conftest.c:32:7: error: size of array 'off_t_is_large' is negative
conftest.c:34:9: warning: variably modified 'off_t_is_large' at file scope [enabled by default]
configure:15864: $? = 1
configure: failed program was:
| /* confdefs.h */
| #define PACKAGE_NAME "faac"
| #define PACKAGE_TARNAME "faac"
| #define PACKAGE_VERSION "1.29.9.2"
| #define PACKAGE_STRING "faac 1.29.9.2"
| #define PACKAGE_BUGREPORT "https://sourceforge.net/p/faac/bugs/"
| #define PACKAGE_URL ""
| #define PACKAGE "faac"
| #define VERSION "1.29.9.2"
| #define STDC_HEADERS 1
| #define HAVE_SYS_TYPES_H 1
| #define HAVE_SYS_STAT_H 1
| #define HAVE_STDLIB_H 1
| #define HAVE_STRING_H 1
| #define HAVE_MEMORY_H 1
| #define HAVE_STRINGS_H 1
| #define HAVE_INTTYPES_H 1
| #define HAVE_STDINT_H 1
| #define HAVE_UNISTD_H 1
| #define HAVE_DLFCN_H 1
| #define LT_OBJDIR ".libs/"
| #define HAVE_GETOPT_H 1
| #define HAVE_STRCASECMP 1
| #define STDC_HEADERS 1
| /* end confdefs.h.  */
| #include <sys/types.h>
|  /* Check that off_t can represent 2**63 - 1 correctly.
|     We can't simply define LARGE_OFF_T to be 9223372036854775807,
|     since some C++ compilers masquerading as C compilers
|     incorrectly reject 9223372036854775807.  */
| #define LARGE_OFF_T (((off_t) 1 << 62) - 1 + ((off_t) 1 << 62))
|   int off_t_is_large[(LARGE_OFF_T % 2147483629 == 721
| 		       && LARGE_OFF_T % 2147483647 == 1)
| 		      ? 1 : -1];
| int
| main ()
| {
| 
|   ;
|   return 0;
| }
configure:15888: mips-linux-gnu-gcc -c -DWORDS_BIGENDIAN -muclibc  conftest.c >&5
configure:15888: $? = 0
configure:15896: result: 64
configure:15984: checking for stdint.h
configure:15984: result: yes
configure:15984: checking for inttypes.h
configure:15984: result: yes
configure:15996: checking mathf.h usability
configure:15996: mips-linux-gnu-gcc -c -DWORDS_BIGENDIAN -muclibc  conftest.c >&5
conftest.c:62:19: fatal error: mathf.h: No such file or directory
compilation terminated.
configure:15996: $? = 1
configure: failed program was:
| /* confdefs.h */
| #define PACKAGE_NAME "faac"
| #define PACKAGE_TARNAME "faac"
| #define PACKAGE_VERSION "1.29.9.2"
| #define PACKAGE_STRING "faac 1.29.9.2"
| #define PACKAGE_BUGREPORT "https://sourceforge.net/p/faac/bugs/"
| #define PACKAGE_URL ""
| #define PACKAGE "faac"
| #define VERSION "1.29.9.2"
| #define STDC_HEADERS 1
| #define HAVE_SYS_TYPES_H 1
| #define HAVE_SYS_STAT_H 1
| #define HAVE_STDLIB_H 1
| #define HAVE_STRING_H 1
| #define HAVE_MEMORY_H 1
| #define HAVE_STRINGS_H 1
| #define HAVE_INTTYPES_H 1
| #define HAVE_STDINT_H 1
| #define HAVE_UNISTD_H 1
| #define HAVE_DLFCN_H 1
| #define LT_OBJDIR ".libs/"
| #define HAVE_GETOPT_H 1
| #define HAVE_STRCASECMP 1
| #define STDC_HEADERS 1
| #define _FILE_OFFSET_BITS 64
| #define HAVE_STDINT_H 1
| #define HAVE_INTTYPES_H 1
| /* end confdefs.h.  */
| #include <stdio.h>
| #ifdef HAVE_SYS_TYPES_H
| # include <sys/types.h>
| #endif
| #ifdef HAVE_SYS_STAT_H
| # include <sys/stat.h>
| #endif
| #ifdef STDC_HEADERS
| # include <stdlib.h>
| # include <stddef.h>
| #else
| # ifdef HAVE_STDLIB_H
| #  include <stdlib.h>
| # endif
| #endif
| #ifdef HAVE_STRING_H
| # if !defined STDC_HEADERS && defined HAVE_MEMORY_H
| #  include <memory.h>
| # endif
| # include <string.h>
| #endif
| #ifdef HAVE_STRINGS_H
| # include <strings.h>
| #endif
| #ifdef HAVE_INTTYPES_H
| # include <inttypes.h>
| #endif
| #ifdef HAVE_STDINT_H
| # include <stdint.h>
| #endif
| #ifdef HAVE_UNISTD_H
| # include <unistd.h>
| #endif
| #include <mathf.h>
configure:15996: result: no
configure:15996: checking mathf.h presence
configure:15996: mips-linux-gnu-gcc -E  conftest.c
conftest.c:29:19: fatal error: mathf.h: No such file or directory
compilation terminated.
configure:15996: $? = 1
configure: failed program was:
| /* confdefs.h */
| #define PACKAGE_NAME "faac"
| #define PACKAGE_TARNAME "faac"
| #define PACKAGE_VERSION "1.29.9.2"
| #define PACKAGE_STRING "faac 1.29.9.2"
| #define PACKAGE_BUGREPORT "https://sourceforge.net/p/faac/bugs/"
| #define PACKAGE_URL ""
| #define PACKAGE "faac"
| #define VERSION "1.29.9.2"
| #define STDC_HEADERS 1
| #define HAVE_SYS_TYPES_H 1
| #define HAVE_SYS_STAT_H 1
| #define HAVE_STDLIB_H 1
| #define HAVE_STRING_H 1
| #define HAVE_MEMORY_H 1
| #define HAVE_STRINGS_H 1
| #define HAVE_INTTYPES_H 1
| #define HAVE_STDINT_H 1
| #define HAVE_UNISTD_H 1
| #define HAVE_DLFCN_H 1
| #define LT_OBJDIR ".libs/"
| #define HAVE_GETOPT_H 1
| #define HAVE_STRCASECMP 1
| #define STDC_HEADERS 1
| #define _FILE_OFFSET_BITS 64
| #define HAVE_STDINT_H 1
| #define HAVE_INTTYPES_H 1
| /* end confdefs.h.  */
| #include <mathf.h>
configure:15996: result: no
configure:15996: checking for mathf.h
configure:15996: result: no
configure:16008: checking float.h usability
configure:16008: mips-linux-gnu-gcc -c -DWORDS_BIGENDIAN -muclibc  conftest.c >&5
configure:16008: $? = 0
configure:16008: result: yes
configure:16008: checking float.h presence
configure:16008: mips-linux-gnu-gcc -E  conftest.c
configure:16008: $? = 0
configure:16008: result: yes
configure:16008: checking for float.h
configure:16008: result: yes
configure:16018: checking whether strchr is declared
configure:16018: mips-linux-gnu-gcc -c -DWORDS_BIGENDIAN -muclibc  conftest.c >&5
configure:16018: $? = 0
configure:16018: result: yes
configure:16025: checking whether memcpy is declared
configure:16025: mips-linux-gnu-gcc -c -DWORDS_BIGENDIAN -muclibc  conftest.c >&5
configure:16025: $? = 0
configure:16025: result: yes
configure:16032: checking whether strsep is declared
configure:16032: mips-linux-gnu-gcc -c -DWORDS_BIGENDIAN -muclibc  conftest.c >&5
configure:16032: $? = 0
configure:16032: result: yes
configure:16041: checking sys/time.h usability
configure:16041: mips-linux-gnu-gcc -c -DWORDS_BIGENDIAN -muclibc  conftest.c >&5
configure:16041: $? = 0
configure:16041: result: yes
configure:16041: checking sys/time.h presence
configure:16041: mips-linux-gnu-gcc -E  conftest.c
configure:16041: $? = 0
configure:16041: result: yes
configure:16041: checking for sys/time.h
configure:16041: result: yes
configure:16051: checking whether time.h and sys/time.h may both be included
configure:16071: mips-linux-gnu-gcc -c -DWORDS_BIGENDIAN -muclibc  conftest.c >&5
configure:16071: $? = 0
configure:16078: result: yes
configure:16086: checking for off_t
configure:16086: mips-linux-gnu-gcc -c -DWORDS_BIGENDIAN -muclibc  conftest.c >&5
configure:16086: $? = 0
configure:16086: mips-linux-gnu-gcc -c -DWORDS_BIGENDIAN -muclibc  conftest.c >&5
conftest.c: In function 'main':
conftest.c:71:20: error: expected expression before ')' token
configure:16086: $? = 1
configure: failed program was:
| /* confdefs.h */
| #define PACKAGE_NAME "faac"
| #define PACKAGE_TARNAME "faac"
| #define PACKAGE_VERSION "1.29.9.2"
| #define PACKAGE_STRING "faac 1.29.9.2"
| #define PACKAGE_BUGREPORT "https://sourceforge.net/p/faac/bugs/"
| #define PACKAGE_URL ""
| #define PACKAGE "faac"
| #define VERSION "1.29.9.2"
| #define STDC_HEADERS 1
| #define HAVE_SYS_TYPES_H 1
| #define HAVE_SYS_STAT_H 1
| #define HAVE_STDLIB_H 1
| #define HAVE_STRING_H 1
| #define HAVE_MEMORY_H 1
| #define HAVE_STRINGS_H 1
| #define HAVE_INTTYPES_H 1
| #define HAVE_STDINT_H 1
| #define HAVE_UNISTD_H 1
| #define HAVE_DLFCN_H 1
| #define LT_OBJDIR ".libs/"
| #define HAVE_GETOPT_H 1
| #define HAVE_STRCASECMP 1
| #define STDC_HEADERS 1
| #define _FILE_OFFSET_BITS 64
| #define HAVE_STDINT_H 1
| #define HAVE_INTTYPES_H 1
| #define HAVE_FLOAT_H 1
| #define HAVE_STRCHR 1
| #define HAVE_MEMCPY 1
| #define HAVE_STRSEP 1
| #define HAVE_SYS_TIME_H 1
| #define TIME_WITH_SYS_TIME 1
| /* end confdefs.h.  */
| #include <stdio.h>
| #ifdef HAVE_SYS_TYPES_H
| # include <sys/types.h>
| #endif
| #ifdef HAVE_SYS_STAT_H
| # include <sys/stat.h>
| #endif
| #ifdef STDC_HEADERS
| # include <stdlib.h>
| # include <stddef.h>
| #else
| # ifdef HAVE_STDLIB_H
| #  include <stdlib.h>
| # endif
| #endif
| #ifdef HAVE_STRING_H
| # if !defined STDC_HEADERS && defined HAVE_MEMORY_H
| #  include <memory.h>
| # endif
| # include <string.h>
| #endif
| #ifdef HAVE_STRINGS_H
| # include <strings.h>
| #endif
| #ifdef HAVE_INTTYPES_H
| # include <inttypes.h>
| #endif
| #ifdef HAVE_STDINT_H
| # include <stdint.h>
| #endif
| #ifdef HAVE_UNISTD_H
| # include <unistd.h>
| #endif
| int
| main ()
| {
| if (sizeof ((off_t)))
| 	    return 0;
|   ;
|   return 0;
| }
configure:16086: result: yes
configure:16097: checking for in_port_t
configure:16097: mips-linux-gnu-gcc -c -DWORDS_BIGENDIAN -muclibc  conftest.c >&5
configure:16097: $? = 0
configure:16097: mips-linux-gnu-gcc -c -DWORDS_BIGENDIAN -muclibc  conftest.c >&5
conftest.c: In function 'main':
conftest.c:42:24: error: expected expression before ')' token
configure:16097: $? = 1
configure: failed program was:
| /* confdefs.h */
| #define PACKAGE_NAME "faac"
| #define PACKAGE_TARNAME "faac"
| #define PACKAGE_VERSION "1.29.9.2"
| #define PACKAGE_STRING "faac 1.29.9.2"
| #define PACKAGE_BUGREPORT "https://sourceforge.net/p/faac/bugs/"
| #define PACKAGE_URL ""
| #define PACKAGE "faac"
| #define VERSION "1.29.9.2"
| #define STDC_HEADERS 1
| #define HAVE_SYS_TYPES_H 1
| #define HAVE_SYS_STAT_H 1
| #define HAVE_STDLIB_H 1
| #define HAVE_STRING_H 1
| #define HAVE_MEMORY_H 1
| #define HAVE_STRINGS_H 1
| #define HAVE_INTTYPES_H 1
| #define HAVE_STDINT_H 1
| #define HAVE_UNISTD_H 1
| #define HAVE_DLFCN_H 1
| #define LT_OBJDIR ".libs/"
| #define HAVE_GETOPT_H 1
| #define HAVE_STRCASECMP 1
| #define STDC_HEADERS 1
| #define _FILE_OFFSET_BITS 64
| #define HAVE_STDINT_H 1
| #define HAVE_INTTYPES_H 1
| #define HAVE_FLOAT_H 1
| #define HAVE_STRCHR 1
| #define HAVE_MEMCPY 1
| #define HAVE_STRSEP 1
| #define HAVE_SYS_TIME_H 1
| #define TIME_WITH_SYS_TIME 1
| /* end confdefs.h.  */
| #include <sys/types.h>
| 	 #include <sys/socket.h>
| 	 #include <netinet/in.h>
| 
| int
| main ()
| {
| if (sizeof ((in_port_t)))
| 	    return 0;
|   ;
|   return 0;
| }
configure:16097: result: yes
configure:16109: checking for socklen_t
configure:16109: mips-linux-gnu-gcc -c -DWORDS_BIGENDIAN -muclibc  conftest.c >&5
configure:16109: $? = 0
configure:16109: mips-linux-gnu-gcc -c -DWORDS_BIGENDIAN -muclibc  conftest.c >&5
conftest.c: In function 'main':
conftest.c:43:24: error: expected expression before ')' token
configure:16109: $? = 1
configure: failed program was:
| /* confdefs.h */
| #define PACKAGE_NAME "faac"
| #define PACKAGE_TARNAME "faac"
| #define PACKAGE_VERSION "1.29.9.2"
| #define PACKAGE_STRING "faac 1.29.9.2"
| #define PACKAGE_BUGREPORT "https://sourceforge.net/p/faac/bugs/"
| #define PACKAGE_URL ""
| #define PACKAGE "faac"
| #define VERSION "1.29.9.2"
| #define STDC_HEADERS 1
| #define HAVE_SYS_TYPES_H 1
| #define HAVE_SYS_STAT_H 1
| #define HAVE_STDLIB_H 1
| #define HAVE_STRING_H 1
| #define HAVE_MEMORY_H 1
| #define HAVE_STRINGS_H 1
| #define HAVE_INTTYPES_H 1
| #define HAVE_STDINT_H 1
| #define HAVE_UNISTD_H 1
| #define HAVE_DLFCN_H 1
| #define LT_OBJDIR ".libs/"
| #define HAVE_GETOPT_H 1
| #define HAVE_STRCASECMP 1
| #define STDC_HEADERS 1
| #define _FILE_OFFSET_BITS 64
| #define HAVE_STDINT_H 1
| #define HAVE_INTTYPES_H 1
| #define HAVE_FLOAT_H 1
| #define HAVE_STRCHR 1
| #define HAVE_MEMCPY 1
| #define HAVE_STRSEP 1
| #define HAVE_SYS_TIME_H 1
| #define TIME_WITH_SYS_TIME 1
| #define HAVE_IN_PORT_T 1
| /* end confdefs.h.  */
| #include <sys/types.h>
| 	 #include <sys/socket.h>
| 	 #include <netinet/in.h>
| 
| int
| main ()
| {
| if (sizeof ((socklen_t)))
| 	    return 0;
|   ;
|   return 0;
| }
configure:16109: result: yes
configure:16122: checking for fpos_t.__pos
configure:16122: mips-linux-gnu-gcc -c -DWORDS_BIGENDIAN -muclibc  conftest.c >&5
configure:16122: $? = 0
configure:16122: result: yes
configure:16244: checking that generated files are newer than configure
configure:16250: result: done
configure:16294: creating ./config.status

## ---------------------- ##
## Running config.status. ##
## ---------------------- ##

This file was extended by faac config.status 1.29.9.2, which was
generated by GNU Autoconf 2.69.  Invocation command line was

  CONFIG_FILES    = 
  CONFIG_HEADERS  = 
  CONFIG_LINKS    = 
  CONFIG_COMMANDS = 
  $ ./config.status 

on localhost.localdomain

config.status:1169: creating common/Makefile
config.status:1169: creating libfaac/Makefile
config.status:1169: creating frontend/Makefile
config.status:1169: creating include/Makefile
config.status:1169: creating Makefile
config.status:1169: creating config.h
config.status:1350: config.h is unchanged
config.status:1398: executing depfiles commands
config.status:1398: executing libtool commands

## ---------------- ##
## Cache variables. ##
## ---------------- ##

ac_cv_build=x86_64-unknown-linux-gnu
ac_cv_c_bigendian=no
ac_cv_c_compiler_gnu=yes
ac_cv_cxx_compiler_gnu=yes
ac_cv_env_CCC_set=
ac_cv_env_CCC_value=
ac_cv_env_CC_set=
ac_cv_env_CC_value=
ac_cv_env_CFLAGS_set=set
ac_cv_env_CFLAGS_value='-DWORDS_BIGENDIAN -muclibc'
ac_cv_env_CPPFLAGS_set=
ac_cv_env_CPPFLAGS_value=
ac_cv_env_CPP_set=
ac_cv_env_CPP_value=
ac_cv_env_CXXCPP_set=
ac_cv_env_CXXCPP_value=
ac_cv_env_CXXFLAGS_set=
ac_cv_env_CXXFLAGS_value=
ac_cv_env_CXX_set=
ac_cv_env_CXX_value=
ac_cv_env_LDFLAGS_set=
ac_cv_env_LDFLAGS_value=
ac_cv_env_LIBS_set=
ac_cv_env_LIBS_value=
ac_cv_env_build_alias_set=
ac_cv_env_build_alias_value=
ac_cv_env_host_alias_set=set
ac_cv_env_host_alias_value=mips-linux-gnu
ac_cv_env_target_alias_set=
ac_cv_env_target_alias_value=
ac_cv_have_decl_memcpy=yes
ac_cv_have_decl_strcasecmp=yes
ac_cv_have_decl_strchr=yes
ac_cv_have_decl_strsep=yes
ac_cv_header_dlfcn_h=yes
ac_cv_header_float_h=yes
ac_cv_header_getopt_h=yes
ac_cv_header_immintrin_h=no
ac_cv_header_inttypes_h=yes
ac_cv_header_mathf_h=no
ac_cv_header_memory_h=yes
ac_cv_header_stdc=yes
ac_cv_header_stdint_h=yes
ac_cv_header_stdlib_h=yes
ac_cv_header_string_h=yes
ac_cv_header_strings_h=yes
ac_cv_header_sys_stat_h=yes
ac_cv_header_sys_time_h=yes
ac_cv_header_sys_types_h=yes
ac_cv_header_time=yes
ac_cv_header_unistd_h=yes
ac_cv_host=mips-unknown-linux-gnu
ac_cv_lib_gnugetopt_getopt_long=no
ac_cv_member_fpos_t___pos=yes
ac_cv_objext=o
ac_cv_path_EGREP='/usr/bin/grep -E'
ac_cv_path_FGREP='/usr/bin/grep -F'
ac_cv_path_GREP=/usr/bin/grep
ac_cv_path_SED=/usr/bin/sed
ac_cv_path_install='/usr/bin/install -c'
ac_cv_path_mkdir=/usr/bin/mkdir
ac_cv_prog_AR=mips-linux-gnu-ar
ac_cv_prog_AWK=gawk
ac_cv_prog_CC=mips-linux-gnu-gcc
ac_cv_prog_CPP='mips-linux-gnu-gcc -E'
ac_cv_prog_CXX=mips-linux-gnu-g++
ac_cv_prog_CXXCPP='mips-linux-gnu-g++ -E'
ac_cv_prog_OBJDUMP=mips-linux-gnu-objdump
ac_cv_prog_RANLIB=mips-linux-gnu-ranlib
ac_cv_prog_STRIP=mips-linux-gnu-strip
ac_cv_prog_cc_c89=
ac_cv_prog_cc_g=yes
ac_cv_prog_cxx_g=yes
ac_cv_prog_make_make_set=yes
ac_cv_sys_file_offset_bits=64
ac_cv_sys_largefile_CC=no
ac_cv_type_in_port_t=yes
ac_cv_type_off_t=yes
ac_cv_type_socklen_t=yes
am_cv_CC_dependencies_compiler_type=gcc3
am_cv_CXX_dependencies_compiler_type=gcc3
am_cv_make_support_nested_variables=yes
lt_cv_ar_at_file=@
lt_cv_archive_cmds_need_lc=no
lt_cv_deplibs_check_method=pass_all
lt_cv_file_magic_cmd='$MAGIC_CMD'
lt_cv_file_magic_test_file=
lt_cv_ld_reload_flag=-r
lt_cv_nm_interface='BSD nm'
lt_cv_objdir=.libs
lt_cv_path_LD=/home/yuanda.yu/software/mips-gcc472-glibc216-64bit/mips-linux-gnu/bin/ld
lt_cv_path_LDCXX=/home/yuanda.yu/software/mips-gcc472-glibc216-64bit/mips-linux-gnu/bin/ld
lt_cv_path_NM='/home/yuanda.yu/software/mips-gcc472-glibc216-64bit/bin/mips-linux-gnu-nm -B'
lt_cv_path_mainfest_tool=no
lt_cv_prog_compiler_c_o=yes
lt_cv_prog_compiler_c_o_CXX=yes
lt_cv_prog_compiler_pic='-fPIC -DPIC'
lt_cv_prog_compiler_pic_CXX='-fPIC -DPIC'
lt_cv_prog_compiler_pic_works=yes
lt_cv_prog_compiler_pic_works_CXX=yes
lt_cv_prog_compiler_rtti_exceptions=no
lt_cv_prog_compiler_static_works=yes
lt_cv_prog_compiler_static_works_CXX=yes
lt_cv_prog_gnu_ld=yes
lt_cv_prog_gnu_ldcxx=yes
lt_cv_sharedlib_from_linklib_cmd='printf %s\n'
lt_cv_shlibpath_overrides_runpath=no
lt_cv_sys_global_symbol_pipe='sed -n -e '\''s/^.*[	 ]\([ABCDGIRSTW][ABCDGIRSTW]*\)[	 ][	 ]*\([_A-Za-z][_A-Za-z0-9]*\)$/\1 \2 \2/p'\'' | sed '\''/ __gnu_lto/d'\'''
lt_cv_sys_global_symbol_to_c_name_address='sed -n -e '\''s/^: \([^ ]*\)[ ]*$/  {\"\1\", (void *) 0},/p'\'' -e '\''s/^[ABCDGIRSTW]* \([^ ]*\) \([^ ]*\)$/  {"\2", (void *) \&\2},/p'\'''
lt_cv_sys_global_symbol_to_c_name_address_lib_prefix='sed -n -e '\''s/^: \([^ ]*\)[ ]*$/  {\"\1\", (void *) 0},/p'\'' -e '\''s/^[ABCDGIRSTW]* \([^ ]*\) \(lib[^ ]*\)$/  {"\2", (void *) \&\2},/p'\'' -e '\''s/^[ABCDGIRSTW]* \([^ ]*\) \([^ ]*\)$/  {"lib\2", (void *) \&\2},/p'\'''
lt_cv_sys_global_symbol_to_cdecl='sed -n -e '\''s/^T .* \(.*\)$/extern int \1();/p'\'' -e '\''s/^[ABCDGIRSTW]* .* \(.*\)$/extern char \1;/p'\'''
lt_cv_sys_max_cmd_len=1572864
lt_cv_to_host_file_cmd=func_convert_file_noop
lt_cv_to_tool_file_cmd=func_convert_file_noop

## ----------------- ##
## Output variables. ##
## ----------------- ##

ACLOCAL='${SHELL} /home/yuanda.yu/git/Ingenic_T20/app/3rdlibs_src_code/faac/missing aclocal-1.13'
AMDEPBACKSLASH='\'
AMDEP_FALSE='#'
AMDEP_TRUE=''
AMTAR='$${TAR-tar}'
AM_BACKSLASH='\'
AM_DEFAULT_V='$(AM_DEFAULT_VERBOSITY)'
AM_DEFAULT_VERBOSITY='1'
AM_V='$(V)'
AR='mips-linux-gnu-ar'
AUTOCONF='${SHELL} /home/yuanda.yu/git/Ingenic_T20/app/3rdlibs_src_code/faac/missing autoconf'
AUTOHEADER='${SHELL} /home/yuanda.yu/git/Ingenic_T20/app/3rdlibs_src_code/faac/missing autoheader'
AUTOMAKE='${SHELL} /home/yuanda.yu/git/Ingenic_T20/app/3rdlibs_src_code/faac/missing automake-1.13'
AWK='gawk'
CC='mips-linux-gnu-gcc'
CCDEPMODE='depmode=gcc3'
CFLAGS='-DWORDS_BIGENDIAN -muclibc'
CPP='mips-linux-gnu-gcc -E'
CPPFLAGS=''
CPUSSE_FALSE=''
CPUSSE_TRUE='#'
CXX='mips-linux-gnu-g++'
CXXCPP='mips-linux-gnu-g++ -E'
CXXDEPMODE='depmode=gcc3'
CXXFLAGS='-g -O2'
CYGPATH_W='echo'
DEFS='-DHAVE_CONFIG_H'
DEPDIR='.deps'
DLLTOOL='false'
DSYMUTIL=''
DUMPBIN=''
ECHO_C=''
ECHO_N='-n'
ECHO_T=''
EGREP='/usr/bin/grep -E'
EXEEXT=''
FGREP='/usr/bin/grep -F'
GREP='/usr/bin/grep'
INSTALL_DATA='${INSTALL} -m 644'
INSTALL_PROGRAM='${INSTALL}'
INSTALL_SCRIPT='${INSTALL}'
INSTALL_STRIP_PROGRAM='$(install_sh) -c -s'
LD='/home/yuanda.yu/software/mips-gcc472-glibc216-64bit/mips-linux-gnu/bin/ld'
LDFLAGS=''
LIBOBJS=''
LIBS=''
LIBTOOL='$(SHELL) $(top_builddir)/libtool'
LIPO=''
LN_S='ln -s'
LTLIBOBJS=''
MAKEINFO='${SHELL} /home/yuanda.yu/git/Ingenic_T20/app/3rdlibs_src_code/faac/missing makeinfo'
MANIFEST_TOOL=':'
MINGW_FALSE=''
MINGW_TRUE='#'
MKDIR_P='/usr/bin/mkdir -p'
NM='/home/yuanda.yu/software/mips-gcc472-glibc216-64bit/bin/mips-linux-gnu-nm -B'
NMEDIT=''
OBJDUMP='mips-linux-gnu-objdump'
OBJEXT='o'
OTOOL64=''
OTOOL=''
PACKAGE='faac'
PACKAGE_BUGREPORT='https://sourceforge.net/p/faac/bugs/'
PACKAGE_NAME='faac'
PACKAGE_STRING='faac 1.29.9.2'
PACKAGE_TARNAME='faac'
PACKAGE_URL=''
PACKAGE_VERSION='1.29.9.2'
PATH_SEPARATOR=':'
RANLIB='mips-linux-gnu-ranlib'
SED='/usr/bin/sed'
SET_MAKE=''
SHELL='/bin/sh'
STRIP='mips-linux-gnu-strip'
USE_DRM_FALSE=''
USE_DRM_TRUE='#'
VERSION='1.29.9.2'
WINDRES=''
ac_ct_AR=''
ac_ct_CC=''
ac_ct_CXX=''
ac_ct_DUMPBIN=''
am__EXEEXT_FALSE=''
am__EXEEXT_TRUE='#'
am__fastdepCC_FALSE='#'
am__fastdepCC_TRUE=''
am__fastdepCXX_FALSE='#'
am__fastdepCXX_TRUE=''
am__include='include'
am__isrc=''
am__leading_dot='.'
am__nodep='_no'
am__quote=''
am__tar='$${TAR-tar} chof - "$$tardir"'
am__untar='$${TAR-tar} xf -'
bindir='${exec_prefix}/bin'
build='x86_64-unknown-linux-gnu'
build_alias=''
build_cpu='x86_64'
build_os='linux-gnu'
build_vendor='unknown'
datadir='${datarootdir}'
datarootdir='${prefix}/share'
docdir='${datarootdir}/doc/${PACKAGE_TARNAME}'
dvidir='${docdir}'
exec_prefix='${prefix}'
host='mips-unknown-linux-gnu'
host_alias='mips-linux-gnu'
host_cpu='mips'
host_os='linux-gnu'
host_vendor='unknown'
htmldir='${docdir}'
includedir='${prefix}/include'
infodir='${datarootdir}/info'
install_sh='${SHELL} /home/yuanda.yu/git/Ingenic_T20/app/3rdlibs_src_code/faac/install-sh'
libdir='${exec_prefix}/lib'
libexecdir='${exec_prefix}/libexec'
localedir='${datarootdir}/locale'
localstatedir='${prefix}/var'
mandir='${datarootdir}/man'
mkdir_p='$(MKDIR_P)'
oldincludedir='/usr/include'
pdfdir='${docdir}'
prefix='/home/yuanda.yu/git/Ingenic_T20/app/3rdlibs_src_code/faac/faac_install_dir'
program_transform_name='s,x,x,'
psdir='${docdir}'
sbindir='${exec_prefix}/sbin'
sharedstatedir='${prefix}/com'
sysconfdir='${prefix}/etc'
target_alias=''

## ----------- ##
## confdefs.h. ##
## ----------- ##

/* confdefs.h */
#define PACKAGE_NAME "faac"
#define PACKAGE_TARNAME "faac"
#define PACKAGE_VERSION "1.29.9.2"
#define PACKAGE_STRING "faac 1.29.9.2"
#define PACKAGE_BUGREPORT "https://sourceforge.net/p/faac/bugs/"
#define PACKAGE_URL ""
#define PACKAGE "faac"
#define VERSION "1.29.9.2"
#define STDC_HEADERS 1
#define HAVE_SYS_TYPES_H 1
#define HAVE_SYS_STAT_H 1
#define HAVE_STDLIB_H 1
#define HAVE_STRING_H 1
#define HAVE_MEMORY_H 1
#define HAVE_STRINGS_H 1
#define HAVE_INTTYPES_H 1
#define HAVE_STDINT_H 1
#define HAVE_UNISTD_H 1
#define HAVE_DLFCN_H 1
#define LT_OBJDIR ".libs/"
#define HAVE_GETOPT_H 1
#define HAVE_STRCASECMP 1
#define STDC_HEADERS 1
#define _FILE_OFFSET_BITS 64
#define HAVE_STDINT_H 1
#define HAVE_INTTYPES_H 1
#define HAVE_FLOAT_H 1
#define HAVE_STRCHR 1
#define HAVE_MEMCPY 1
#define HAVE_STRSEP 1
#define HAVE_SYS_TIME_H 1
#define TIME_WITH_SYS_TIME 1
#define HAVE_IN_PORT_T 1
#define HAVE_SOCKLEN_T 1
#define HAVE_FPOS_T___POS 1

configure: exit 0
